TN:
SF:src/index.ts
FN:1,(anonymous_0)
FN:2,(anonymous_1)
FN:3,(anonymous_2)
FN:4,(anonymous_3)
FN:5,(anonymous_4)
FN:6,(anonymous_5)
FN:7,(anonymous_6)
FN:8,(anonymous_7)
FNF:8
FNH:8
FNDA:2,(anonymous_0)
FNDA:1,(anonymous_1)
FNDA:1,(anonymous_2)
FNDA:1,(anonymous_3)
FNDA:1,(anonymous_4)
FNDA:1,(anonymous_5)
FNDA:1,(anonymous_6)
FNDA:1,(anonymous_7)
DA:1,3
DA:2,2
DA:3,2
DA:4,2
DA:5,2
DA:6,2
DA:7,2
DA:8,2
LF:8
LH:8
BRF:0
BRH:0
end_of_record
TN:
SF:src/errors/BadRequest.ts
FN:7,(anonymous_0)
FN:8,BadRequest
FNF:2
FNH:2
FNDA:1,(anonymous_0)
FNDA:2,BadRequest
DA:2,1
DA:7,1
DA:8,2
DA:9,2
DA:12,2
DA:14,1
LF:6
LH:6
BRDA:9,0,0,2
BRDA:9,0,1,0
BRF:2
BRH:1
end_of_record
TN:
SF:src/errors/CustomError.ts
FN:6,(anonymous_0)
FN:9,CustomError
FNF:2
FNH:2
FNDA:1,(anonymous_0)
FNDA:8,CustomError
DA:6,1
DA:9,8
DA:10,8
DA:13,8
DA:14,8
DA:16,1
LF:6
LH:6
BRDA:10,0,0,8
BRDA:10,0,1,0
BRF:2
BRH:1
end_of_record
TN:
SF:src/errors/Forbidden.ts
FN:7,(anonymous_0)
FN:8,Forbidden
FNF:2
FNH:2
FNDA:1,(anonymous_0)
FNDA:1,Forbidden
DA:2,1
DA:7,1
DA:8,1
DA:9,1
DA:12,1
DA:14,1
LF:6
LH:6
BRDA:9,0,0,1
BRDA:9,0,1,0
BRF:2
BRH:1
end_of_record
TN:
SF:src/errors/InternalServer.ts
FN:7,(anonymous_0)
FN:8,InternalServer
FNF:2
FNH:2
FNDA:1,(anonymous_0)
FNDA:1,InternalServer
DA:2,1
DA:7,1
DA:8,1
DA:9,1
DA:12,1
DA:14,1
LF:6
LH:6
BRDA:9,0,0,1
BRDA:9,0,1,0
BRF:2
BRH:1
end_of_record
TN:
SF:src/errors/NotFound.ts
FN:7,(anonymous_0)
FN:8,NotFound
FNF:2
FNH:2
FNDA:1,(anonymous_0)
FNDA:1,NotFound
DA:2,1
DA:7,1
DA:8,1
DA:9,1
DA:12,1
DA:14,1
LF:6
LH:6
BRDA:9,0,0,1
BRDA:9,0,1,0
BRF:2
BRH:1
end_of_record
TN:
SF:src/errors/NotImplemented.ts
FN:7,(anonymous_0)
FN:8,NotImplemented
FNF:2
FNH:2
FNDA:1,(anonymous_0)
FNDA:1,NotImplemented
DA:2,1
DA:7,1
DA:8,1
DA:9,1
DA:12,1
DA:14,1
LF:6
LH:6
BRDA:9,0,0,1
BRDA:9,0,1,0
BRF:2
BRH:1
end_of_record
TN:
SF:src/errors/TimeOut.ts
FN:7,(anonymous_0)
FN:8,TimeOut
FNF:2
FNH:2
FNDA:1,(anonymous_0)
FNDA:1,TimeOut
DA:2,1
DA:7,1
DA:8,1
DA:9,1
DA:12,1
DA:14,1
LF:6
LH:6
BRDA:9,0,0,1
BRDA:9,0,1,0
BRF:2
BRH:1
end_of_record
TN:
SF:src/errors/Unauthorized.ts
FN:7,(anonymous_0)
FN:8,Unauthorized
FNF:2
FNH:2
FNDA:1,(anonymous_0)
FNDA:1,Unauthorized
DA:2,1
DA:7,1
DA:8,1
DA:9,1
DA:12,1
DA:14,1
LF:6
LH:6
BRDA:9,0,0,1
BRDA:9,0,1,0
BRF:2
BRH:1
end_of_record
